[22:37:56 INFO] Lancement de l'application...
[22:45:19 INFO] Lancement de l'application...
[22:45:20 INFO] Sauvegarde des données et fermeture de l'application.
[22:45:39 INFO] Parking 1 : Véhicule BE30QF (V) take place #2
[22:45:57 INFO] Parking 1 : Véhicule EFEFZ (C) take place #5
[22:46:06 INFO] Parking 3 : Véhicule ADAD (C) take place #2
[22:46:14 INFO] Parking 2 : Véhicule A1 (M) take place #1
[22:46:19 INFO] Parking 2 : Véhicule A2 (M) take place #2
[22:46:24 INFO] Parking 2 : Véhicule Z21 (M) take place #3
[22:46:32 INFO] Parking 1 : Véhicule SA (M) take place #0
[22:46:37 INFO] Parking 3 : Véhicule ADAD (C) free up place #2
[22:46:41 INFO] Parking 2 : Véhicule A1 (M) free up place #1
[22:48:51 INFO] 
[22:48:51 INFO] 
[22:48:51 INFO] 
[22:48:51 INFO] Lancement de l'application...
[07:56:55 INFO] 
[07:56:55 INFO] 
[07:56:55 INFO] 
[07:56:55 INFO] Lancement de l'application...
[07:57:25 INFO] Parking 2 : Véhicule AZ92JHD (V) take place #5
[07:57:34 INFO] Parking 2 : Véhicule AZ92JHD (C) take place #6
[07:57:57 INFO] Parking 2 : Véhicule AZ92JHD (C) free up place #6
[08:05:53 INFO] 
[08:05:53 INFO] 
[08:05:53 INFO] 
[08:05:53 INFO] Lancement de l'application...
[08:06:21 INFO] Parking 2 : Véhicule ZL03FS (S) take place #0
[08:06:30 INFO] Parking 2 : Véhicule azea (C) take place #10
[08:06:44 INFO] Parking 3 : Véhicule azea (V) take place #2
[08:06:48 INFO] Parking 3 : Véhicule azea (V) take place #0
[08:06:51 INFO] Parking 3 : Véhicule azea (V) take place #1
[08:06:53 INFO] Parking 3 : Véhicule azea (V) take place #3
[08:06:58 INFO] Parking 3 : Véhicule azea (V) free up place #2
[08:09:03 INFO] Parking 2 : Véhicule azea (M) take place #2
